{"D:\\lfeish\\code-try\\vue\\permission\\src\\test\\api.ts": {"path":"D:\\lfeish\\code-try\\vue\\permission\\src\\test\\api.ts","statementMap":{"0":{"start":{"line":1,"column":23},"end":{"line":4,"column":null}},"1":{"start":{"line":2,"column":14},"end":{"line":2,"column":null}},"2":{"start":{"line":3,"column":2},"end":{"line":3,"column":null}},"3":{"start":{"line":6,"column":23},"end":{"line":13,"column":null}},"4":{"start":{"line":7,"column":2},"end":{"line":13,"column":null}}},"fnMap":{"0":{"name":"(anonymous_0)","decl":{"start":{"line":1,"column":23},"end":{"line":1,"column":30}},"loc":{"start":{"line":1,"column":45},"end":{"line":4,"column":null}},"line":1},"1":{"name":"(anonymous_1)","decl":{"start":{"line":6,"column":23},"end":{"line":6,"column":24}},"loc":{"start":{"line":7,"column":2},"end":{"line":13,"column":null}},"line":7}},"branchMap":{},"s":{"0":1,"1":1,"2":1,"3":1,"4":1},"f":{"0":1,"1":1},"b":{},"meta":{"lastBranch":0,"lastFunction":2,"lastStatement":5,"seen":{"s:1:23:4:Infinity":0,"f:1:23:1:30":0,"s:2:14:2:Infinity":1,"s:3:2:3:Infinity":2,"s:6:23:13:Infinity":3,"f:6:23:6:24":1,"s:7:2:13:Infinity":4}}}
,"D:\\lfeish\\code-try\\vue\\permission\\src\\test\\util.ts": {"path":"D:\\lfeish\\code-try\\vue\\permission\\src\\test\\util.ts","statementMap":{"0":{"start":{"line":3,"column":27},"end":{"line":6,"column":null}},"1":{"start":{"line":4,"column":15},"end":{"line":4,"column":null}},"2":{"start":{"line":5,"column":2},"end":{"line":5,"column":null}}},"fnMap":{"0":{"name":"(anonymous_0)","decl":{"start":{"line":3,"column":27},"end":{"line":3,"column":34}},"loc":{"start":{"line":3,"column":49},"end":{"line":6,"column":null}},"line":3}},"branchMap":{},"s":{"0":1,"1":1,"2":1},"f":{"0":1},"b":{},"meta":{"lastBranch":0,"lastFunction":1,"lastStatement":3,"seen":{"s:3:27:6:Infinity":0,"f:3:27:3:34":0,"s:4:15:4:Infinity":1,"s:5:2:5:Infinity":2}}}
,"D:\\lfeish\\code-try\\vue\\permission\\src\\test\\components\\LoginForm.vue": {"path":"D:\\lfeish\\code-try\\vue\\permission\\src\\test\\components\\LoginForm.vue","statementMap":{"0":{"start":{"line":12,"column":16},"end":{"line":12,"column":null}},"1":{"start":{"line":16,"column":8},"end":{"line":16,"column":null}},"2":{"start":{"line":17,"column":8},"end":{"line":17,"column":null}},"3":{"start":{"line":19,"column":23},"end":{"line":23,"column":null}},"4":{"start":{"line":20,"column":4},"end":{"line":22,"column":null}},"5":{"start":{"line":21,"column":6},"end":{"line":21,"column":null}},"6":{"start":{"line":2,"column":2},"end":{"line":5,"column":37}},"7":{"start":{"line":3,"column":48},"end":{"line":3,"column":60}},"8":{"start":{"line":4,"column":52},"end":{"line":4,"column":64}}},"fnMap":{"0":{"name":"(anonymous_0)","decl":{"start":{"line":19,"column":23},"end":{"line":19,"column":29}},"loc":{"start":{"line":19,"column":29},"end":{"line":23,"column":null}},"line":19},"1":{"name":"(anonymous_1)","decl":{"start":{"line":1,"column":0},"end":{"line":1,"column":null}},"loc":{"start":{"line":3,"column":48},"end":{"line":3,"column":60}},"line":3}},"branchMap":{"0":{"loc":{"start":{"line":20,"column":4},"end":{"line":22,"column":null}},"type":"if","locations":[{"start":{"line":20,"column":4},"end":{"line":22,"column":null}},{"start":{},"end":{}}],"line":20},"1":{"loc":{"start":{"line":20,"column":8},"end":{"line":20,"column":42}},"type":"binary-expr","locations":[{"start":{"line":20,"column":8},"end":{"line":20,"column":26}},{"start":{"line":20,"column":26},"end":{"line":20,"column":42}}],"line":20},"2":{"loc":{"start":{"line":1,"column":0},"end":{"line":3,"column":60}},"type":"binary-expr","locations":[{"start":{"line":1,"column":0},"end":{"line":1,"column":null}},{"start":{"line":1,"column":0},"end":{"line":3,"column":60}}],"line":1},"3":{"loc":{"start":{"line":1,"column":0},"end":{"line":4,"column":64}},"type":"binary-expr","locations":[{"start":{"line":1,"column":0},"end":{"line":1,"column":null}},{"start":{"line":1,"column":0},"end":{"line":4,"column":64}}],"line":1},"4":{"loc":{"start":{"line":5,"column":4},"end":{"line":5,"column":37}},"type":"binary-expr","locations":[{"start":{"line":5,"column":4},"end":{"line":5,"column":12}},{"start":{"line":5,"column":4},"end":{"line":5,"column":37}}],"line":5}},"s":{"0":2,"1":2,"2":2,"3":2,"4":2,"5":1,"6":5,"7":2,"8":2},"f":{"0":2,"1":4},"b":{"0":[1,1],"1":[2,2],"2":[5,2],"3":[5,2],"4":[5,2]},"meta":{"lastBranch":5,"lastFunction":2,"lastStatement":9,"seen":{"s:12:16:12:Infinity":0,"s:16:8:16:Infinity":1,"s:17:8:17:Infinity":2,"s:19:23:23:Infinity":3,"f:19:23:19:29":0,"b:20:4:22:Infinity:undefined:undefined:undefined:undefined":0,"s:20:4:22:Infinity":4,"b:20:8:20:26:20:26:20:42":1,"s:21:6:21:Infinity":5,"s:2:2:5:37":6,"b:1:0:1:Infinity:1:0:3:60":2,"f:1:0:1:Infinity":1,"s:3:48:3:60":7,"b:1:0:1:Infinity:1:0:4:64":3,"s:4:52:4:64":8,"b:5:4:5:12:5:4:5:37":4}}}
,"D:\\lfeish\\code-try\\vue\\permission\\src\\test\\components\\MyButton.vue": {"path":"D:\\lfeish\\code-try\\vue\\permission\\src\\test\\components\\MyButton.vue","statementMap":{"0":{"start":{"line":8,"column":14},"end":{"line":8,"column":null}},"1":{"start":{"line":12,"column":14},"end":{"line":12,"column":null}},"2":{"start":{"line":16,"column":20},"end":{"line":18,"column":null}},"3":{"start":{"line":17,"column":2},"end":{"line":17,"column":null}},"4":{"start":{"line":17,"column":23},"end":{"line":17,"column":null}},"5":{"start":{"line":2,"column":2},"end":{"line":3,"column":null}}},"fnMap":{"0":{"name":"(anonymous_0)","decl":{"start":{"line":16,"column":20},"end":{"line":16,"column":26}},"loc":{"start":{"line":16,"column":26},"end":{"line":18,"column":null}},"line":16}},"branchMap":{"0":{"loc":{"start":{"line":17,"column":2},"end":{"line":17,"column":null}},"type":"if","locations":[{"start":{"line":17,"column":2},"end":{"line":17,"column":null}},{"start":{},"end":{}}],"line":17}},"s":{"0":4,"1":4,"2":4,"3":2,"4":1,"5":4},"f":{"0":2},"b":{"0":[1,1]},"meta":{"lastBranch":1,"lastFunction":1,"lastStatement":6,"seen":{"s:8:14:8:Infinity":0,"s:12:14:12:Infinity":1,"s:16:20:18:Infinity":2,"f:16:20:16:26":0,"b:17:2:17:Infinity:undefined:undefined:undefined:undefined":0,"s:17:2:17:Infinity":3,"s:17:23:17:Infinity":4,"s:2:2:3:Infinity":5}}}
,"D:\\lfeish\\code-try\\vue\\permission\\src\\test\\components\\SearchInput.vue": {"path":"D:\\lfeish\\code-try\\vue\\permission\\src\\test\\components\\SearchInput.vue","statementMap":{"0":{"start":{"line":8,"column":16},"end":{"line":8,"column":null}},"1":{"start":{"line":13,"column":8},"end":{"line":13,"column":null}},"2":{"start":{"line":15,"column":22},"end":{"line":18,"column":null}},"3":{"start":{"line":16,"column":19},"end":{"line":16,"column":null}},"4":{"start":{"line":17,"column":4},"end":{"line":17,"column":null}},"5":{"start":{"line":20,"column":16},"end":{"line":23,"column":null}},"6":{"start":{"line":21,"column":4},"end":{"line":21,"column":null}},"7":{"start":{"line":22,"column":4},"end":{"line":22,"column":null}},"8":{"start":{"line":25,"column":2},"end":{"line":25,"column":null}},"9":{"start":{"line":2,"column":2},"end":{"line":2,"column":43}},"10":{"start":{"line":2,"column":30},"end":{"line":2,"column":43}}},"fnMap":{"0":{"name":"(anonymous_0)","decl":{"start":{"line":15,"column":22},"end":{"line":15,"column":23}},"loc":{"start":{"line":15,"column":36},"end":{"line":18,"column":null}},"line":15},"1":{"name":"(anonymous_1)","decl":{"start":{"line":20,"column":16},"end":{"line":20,"column":22}},"loc":{"start":{"line":20,"column":22},"end":{"line":23,"column":null}},"line":20},"2":{"name":"(anonymous_2)","decl":{"start":{"line":1,"column":0},"end":{"line":1,"column":null}},"loc":{"start":{"line":2,"column":30},"end":{"line":2,"column":43}},"line":2}},"branchMap":{"0":{"loc":{"start":{"line":1,"column":0},"end":{"line":2,"column":43}},"type":"binary-expr","locations":[{"start":{"line":1,"column":0},"end":{"line":1,"column":null}},{"start":{"line":1,"column":0},"end":{"line":2,"column":43}}],"line":1}},"s":{"0":2,"1":2,"2":2,"3":1,"4":1,"5":2,"6":1,"7":1,"8":2,"9":3,"10":1},"f":{"0":1,"1":1,"2":1},"b":{"0":[3,2]},"meta":{"lastBranch":1,"lastFunction":3,"lastStatement":11,"seen":{"s:8:16:8:Infinity":0,"s:13:8:13:Infinity":1,"s:15:22:18:Infinity":2,"f:15:22:15:23":0,"s:16:19:16:Infinity":3,"s:17:4:17:Infinity":4,"s:20:16:23:Infinity":5,"f:20:16:20:22":1,"s:21:4:21:Infinity":6,"s:22:4:22:Infinity":7,"s:25:2:25:Infinity":8,"s:2:2:2:43":9,"b:1:0:1:Infinity:1:0:2:43":0,"f:1:0:1:Infinity":2,"s:2:30:2:43":10}}}
,"D:\\lfeish\\code-try\\vue\\permission\\src\\test\\components\\UserCard.vue": {"path":"D:\\lfeish\\code-try\\vue\\permission\\src\\test\\components\\UserCard.vue","statementMap":{"0":{"start":{"line":9,"column":21},"end":{"line":9,"column":null}},"1":{"start":{"line":8,"column":15},"end":{"line":8,"column":null}},"2":{"start":{"line":2,"column":7},"end":{"line":2,"column":null}},"3":{"start":{"line":2,"column":2},"end":{"line":3,"column":57}}},"fnMap":{},"branchMap":{},"s":{"0":1,"1":1,"2":1,"3":1},"f":{},"b":{},"meta":{"lastBranch":0,"lastFunction":0,"lastStatement":4,"seen":{"s:9:21:9:Infinity":0,"s:8:15:8:Infinity":1,"s:2:7:2:Infinity":2,"s:2:2:3:57":3}}}
}
